<?xml version="1.0" encoding="UTF-8"?>
<testng-results ignored="0" total="1" passed="1" failed="0" skipped="0">
  <reporter-output>
  </reporter-output>
  <suite started-at="2023-08-04T18:14:55 IST" name="Default suite" finished-at="2023-08-04T18:15:24 IST" duration-ms="28203">
    <groups>
    </groups>
    <test started-at="2023-08-04T18:14:55 IST" name="Default test" finished-at="2023-08-04T18:15:24 IST" duration-ms="28203">
      <class name="runner_script.Runner">
        <test-method is-config="true" signature="openApp()[pri:0, instance:runner_script.Runner@1e1a0406]" started-at="2023-08-04T18:14:55 IST" name="openApp" finished-at="2023-08-04T18:15:15 IST" duration-ms="19819" status="PASS">
          <reporter-output>
          </reporter-output>
        </test-method> <!-- openApp -->
        <test-method signature="diatoz()[pri:0, instance:runner_script.Runner@1e1a0406]" started-at="2023-08-04T18:15:15 IST" name="diatoz" finished-at="2023-08-04T18:15:23 IST" duration-ms="8195" status="PASS">
          <reporter-output>
          </reporter-output>
        </test-method> <!-- diatoz -->
        <test-method is-config="true" signature="closeApp(org.testng.ITestResult)[pri:0, instance:runner_script.Runner@1e1a0406]" started-at="2023-08-04T18:15:23 IST" name="closeApp" finished-at="2023-08-04T18:15:24 IST" duration-ms="154" status="PASS">
          <params>
            <param index="0">
              <value>
                <![CDATA[[TestResult name=diatoz status=SUCCESS method=Runner.diatoz()[pri:0, instance:runner_script.Runner@1e1a0406] output={null}]]]>
              </value>
            </param>
          </params>
          <reporter-output>
          </reporter-output>
        </test-method> <!-- closeApp -->
      </class> <!-- runner_script.Runner -->
    </test> <!-- Default test -->
  </suite> <!-- Default suite -->
</testng-results>
